Using pre-set license
Built from '2020.3/release' branch; Version is '2020.3.12f1 (b3b2c6512326) revision 11776710'; Using compiler version '192528614'; Build Type 'Release'
OS: 'Windows 10 Home; OS build 19043.1110; Version 2009; 64bit' Language: 'en' Physical Memory: 7564 MB
BatchMode: 1, IsHumanControllingUs: 0, StartBugReporterOnCrash: 0, Is64bit: 1, IsPro: 0

 COMMAND LINE ARGUMENTS:
C:\Program Files\Unity\Hub\Editor\2020.3.12f1\Editor\Unity.exe
-adb2
-batchMode
-noUpm
-name
AssetImportWorker0
-projectPath
C:/Users/ryanc/Tic-Tac-Toe
-logFile
Logs/AssetImportWorker0.log
-srvPort
61145
Successfully changed project path to: C:/Users/ryanc/Tic-Tac-Toe
C:/Users/ryanc/Tic-Tac-Toe
Using Asset Import Pipeline V2.
Refreshing native plugins compatible for Editor in 26.95 ms, found 2 plugins.
Preloading 0 native plugins for Editor in 0.00 ms.
Initialize engine version: 2020.3.12f1 (b3b2c6512326)
[Subsystems] Discovering subsystems at path C:/Program Files/Unity/Hub/Editor/2020.3.12f1/Editor/Data/Resources/UnitySubsystems
[Subsystems] Discovering subsystems at path C:/Users/ryanc/Tic-Tac-Toe/Assets
GfxDevice: creating device client; threaded=0
Direct3D:
    Version:  Direct3D 11.0 [level 11.1]
    Renderer: AMD Radeon(TM) Graphics (ID=0x1636)
    Vendor:   
    VRAM:     3782 MB
    Driver:   27.20.15002.6001
Initialize mono
Mono path[0] = 'C:/Program Files/Unity/Hub/Editor/2020.3.12f1/Editor/Data/Managed'
Mono path[1] = 'C:/Program Files/Unity/Hub/Editor/2020.3.12f1/Editor/Data/MonoBleedingEdge/lib/mono/unityjit'
Mono config path = 'C:/Program Files/Unity/Hub/Editor/2020.3.12f1/Editor/Data/MonoBleedingEdge/etc'
Using monoOptions --debugger-agent=transport=dt_socket,embedding=1,server=y,suspend=n,address=127.0.0.1:56776
Begin MonoManager ReloadAssembly
Registering precompiled unity dll's ...
Register platform support module: C:/Program Files/Unity/Hub/Editor/2020.3.12f1/Editor/Data/PlaybackEngines/WindowsStandaloneSupport/UnityEditor.WindowsStandalone.Extensions.dll
Registered in 0.001707 seconds.
Native extension for WindowsStandalone target not found
Refreshing native plugins compatible for Editor in 24.71 ms, found 2 plugins.
Preloading 0 native plugins for Editor in 0.00 ms.
Mono: successfully reloaded assembly
- Completed reload, in  0.994 seconds
Platform modules already initialized, skipping
Registering precompiled user dll's ...
Registered in 0.003443 seconds.
Begin MonoManager ReloadAssembly
Native extension for WindowsStandalone target not found
Refreshing native plugins compatible for Editor in 0.35 ms, found 2 plugins.
Preloading 0 native plugins for Editor in 0.00 ms.
Mono: successfully reloaded assembly
- Completed reload, in  0.932 seconds
Platform modules already initialized, skipping
========================================================================
Worker process is ready to serve import requests
Launched and connected shader compiler UnityShaderCompiler.exe after 0.06 seconds
Refreshing native plugins compatible for Editor in 0.32 ms, found 2 plugins.
Preloading 0 native plugins for Editor in 0.00 ms.
Unloading 1387 Unused Serialized files (Serialized files now loaded: 0)
System memory in use before: 64.7 MB.
System memory in use after: 64.8 MB.

Unloading 19 unused Assets to reduce memory usage. Loaded Objects now: 1821.
Total: 1.993700 ms (FindLiveObjects: 0.233200 ms CreateObjectMapping: 0.059700 ms MarkObjects: 1.610900 ms  DeleteObjects: 0.086600 ms)

AssetImportParameters requested are different than current active one (requested -> active):
  custom:framework-win-MediaFoundation: 216162199b28c13a410421893ffa2e32 -> 
  custom:video-decoder-ogg-theora: a1e56fd34408186e4bbccfd4996cb3dc -> 
  custom:container-muxer-webm: aa71ff27fc2769a1b78a27578f13a17b -> 
  custom:container-demuxer-webm: 4f35f7cbe854078d1ac9338744f61a02 -> 
  custom:container-demuxer-ogg: 62fdf1f143b41e24485cea50d1cbac27 -> 
  custom:video-encoder-webm-vp8: eb34c28f22e8b96e1ab97ce403110664 -> 
  custom:video-codec-MediaFoundation-h265: 746d11721c4dcdbdad8f713fa42b33f4 -> 
  custom:video-decoder-webm-vp8: 9c59270c3fd7afecdb556c50c9e8de78 -> 
  custom:audio-decoder-ogg-vorbis: bf7c407c2cedff20999df2af8eb42d56 -> 
  custom:audio-encoder-webm-vorbis: bf7c407c2cedff20999df2af8eb42d56 -> 
========================================================================
Received Import Request.
  path: Assets/CoopPuzzleGame(Part 1).unitypackage
  artifactKey: Guid(d024168452e27ca4f8844d038a08bcfc) Importer(815301076,1909f56bfc062723c751e8b465ee728b)
Start importing Assets/CoopPuzzleGame(Part 1).unitypackage using Guid(d024168452e27ca4f8844d038a08bcfc) Importer(815301076,1909f56bfc062723c751e8b465ee728b)  -> (artifact id: '2d44bea0e11d2484874c9cc4eda32109') in 0.024695 seconds 
  Import took 0.028345 seconds .

========================================================================
Received Import Request.
  Time since last request: 0.000302 seconds.
  path: Assets/FlappyBird.unitypackage
  artifactKey: Guid(e4300e434302bb34bb457e68d87616d7) Importer(815301076,1909f56bfc062723c751e8b465ee728b)
Start importing Assets/FlappyBird.unitypackage using Guid(e4300e434302bb34bb457e68d87616d7) Importer(815301076,1909f56bfc062723c751e8b465ee728b)  -> (artifact id: 'e84d1eb8e2e2a7411f034c54a42b0424') in 0.002458 seconds 
  Import took 0.005110 seconds .

========================================================================
Received Import Request.
  Time since last request: 0.000466 seconds.
  path: Assets/CoopPuzzleGame(Part 2).unitypackage
  artifactKey: Guid(b308d8d2ed296784aa6c44b161c86bfe) Importer(815301076,1909f56bfc062723c751e8b465ee728b)
Start importing Assets/CoopPuzzleGame(Part 2).unitypackage using Guid(b308d8d2ed296784aa6c44b161c86bfe) Importer(815301076,1909f56bfc062723c751e8b465ee728b)  -> (artifact id: '4f469df71c9f493a451bddf1d08de1fb') in 0.003845 seconds 
  Import took 0.006817 seconds .

========================================================================
Received Import Request.
  Time since last request: 0.067842 seconds.
  path: Assets/Pong.unitypackage
  artifactKey: Guid(dc63f413d6c82254fa8eaf5fd0b7ad40) Importer(815301076,1909f56bfc062723c751e8b465ee728b)
Start importing Assets/Pong.unitypackage using Guid(dc63f413d6c82254fa8eaf5fd0b7ad40) Importer(815301076,1909f56bfc062723c751e8b465ee728b)  -> (artifact id: '21d2cc752bfc2fd3839e445cc7775b49') in 0.002853 seconds 
  Import took 0.006586 seconds .

========================================================================
Received Import Request.
  Time since last request: 0.326068 seconds.
  path: Assets/SpaceShooter(Part 1).unitypackage
  artifactKey: Guid(7d3b6f3694aa0dc43adeab084202a062) Importer(815301076,1909f56bfc062723c751e8b465ee728b)
Start importing Assets/SpaceShooter(Part 1).unitypackage using Guid(7d3b6f3694aa0dc43adeab084202a062) Importer(815301076,1909f56bfc062723c751e8b465ee728b)  -> (artifact id: '9978af8aa3c6327dd1976e0a8ab511c5') in 0.002381 seconds 
  Import took 0.010774 seconds .

AssetImportWorkerClient::OnTransportError - code=2 error=End of file
